[error] Failed to fetch Firebase Project from Studio Workspace because WORKSPACE_SLUG environment variable is empty
[error] Failed to fetch Firebase Project from Studio Workspace because WORKSPACE_SLUG environment variable is empty
[error] Failed to fetch Firebase Project from Studio Workspace because WORKSPACE_SLUG environment variable is empty
[error] Failed to fetch Firebase Project from Studio Workspace because WORKSPACE_SLUG environment variable is empty
[debug] [2025-11-20T14:00:00.648Z] > command requires scopes: ["email","openid","https://www.googleapis.com/auth/cloudplatformprojects.readonly","https://www.googleapis.com/auth/firebase","https://www.googleapis.com/auth/cloud-platform","https://www.googleapis.com/auth/userinfo.email"]
[debug] [2025-11-20T14:00:00.652Z] > authorizing via signed-in user (rishirajmishraaaa@gmail.com)
[debug] [2025-11-20T14:00:00.859Z] Checked if tokens are valid: false, expires at: 1763465722543
[debug] [2025-11-20T14:00:00.860Z] Checked if tokens are valid: false, expires at: 1763465722543
[debug] [2025-11-20T14:00:00.867Z] > refreshing access token with scopes: []
[debug] [2025-11-20T14:00:00.893Z] >>> [apiv2][query] POST https://www.googleapis.com/oauth2/v3/token [none]
[debug] [2025-11-20T14:00:00.893Z] >>> [apiv2][body] POST https://www.googleapis.com/oauth2/v3/token [omitted]
[debug] [2025-11-20T14:00:00.919Z] Checked if tokens are valid: false, expires at: 1763465722543
[debug] [2025-11-20T14:00:00.925Z] Checked if tokens are valid: false, expires at: 1763465722543
[debug] [2025-11-20T14:00:00.925Z] > refreshing access token with scopes: []
[debug] [2025-11-20T14:00:00.932Z] >>> [apiv2][query] POST https://www.googleapis.com/oauth2/v3/token [none]
[debug] [2025-11-20T14:00:00.932Z] >>> [apiv2][body] POST https://www.googleapis.com/oauth2/v3/token [omitted]
[debug] [2025-11-20T14:00:00.945Z] > command requires scopes: ["email","openid","https://www.googleapis.com/auth/cloudplatformprojects.readonly","https://www.googleapis.com/auth/firebase","https://www.googleapis.com/auth/cloud-platform","https://www.googleapis.com/auth/userinfo.email"]
[debug] [2025-11-20T14:00:00.949Z] > authorizing via signed-in user (rishirajmishraaaa@gmail.com)
[debug] [2025-11-20T14:00:00.977Z] Checked if tokens are valid: false, expires at: 1763465722543
[debug] [2025-11-20T14:00:00.977Z] Checked if tokens are valid: false, expires at: 1763465722543
[debug] [2025-11-20T14:00:00.977Z] > refreshing access token with scopes: []
[debug] [2025-11-20T14:00:00.978Z] >>> [apiv2][query] POST https://www.googleapis.com/oauth2/v3/token [none]
[debug] [2025-11-20T14:00:00.978Z] >>> [apiv2][body] POST https://www.googleapis.com/oauth2/v3/token [omitted]
[debug] [2025-11-20T14:00:00.981Z] Checked if tokens are valid: false, expires at: 1763465722543
[debug] [2025-11-20T14:00:00.981Z] Checked if tokens are valid: false, expires at: 1763465722543
[debug] [2025-11-20T14:00:00.981Z] > refreshing access token with scopes: []
[debug] [2025-11-20T14:00:00.982Z] >>> [apiv2][query] POST https://www.googleapis.com/oauth2/v3/token [none]
[debug] [2025-11-20T14:00:00.982Z] >>> [apiv2][body] POST https://www.googleapis.com/oauth2/v3/token [omitted]
[debug] [2025-11-20T14:00:01.756Z] <<< [apiv2][status] POST https://www.googleapis.com/oauth2/v3/token 200
[error] Failed to fetch Firebase Project from Studio Workspace because WORKSPACE_SLUG environment variable is empty
[debug] [2025-11-20T14:00:01.756Z] <<< [apiv2][body] POST https://www.googleapis.com/oauth2/v3/token [omitted]
[debug] [2025-11-20T14:00:01.815Z] >>> [apiv2][query] GET https://serviceusage.googleapis.com/v1/projects/cabzi-welr1/services/firebaseio.com [none]
[debug] [2025-11-20T14:00:01.816Z] >>> [apiv2][(partial)header] GET https://serviceusage.googleapis.com/v1/projects/cabzi-welr1/services/firebaseio.com x-goog-quota-user=projects/cabzi-welr1
[debug] [2025-11-20T14:00:01.924Z] <<< [apiv2][status] POST https://www.googleapis.com/oauth2/v3/token 200
[debug] [2025-11-20T14:00:01.927Z] <<< [apiv2][body] POST https://www.googleapis.com/oauth2/v3/token [omitted]
[debug] [2025-11-20T14:00:01.976Z] >>> [apiv2][query] GET https://serviceusage.googleapis.com/v1/projects/cabzi-welr1/services/firebaseapphosting.googleapis.com [none]
[debug] [2025-11-20T14:00:01.977Z] >>> [apiv2][(partial)header] GET https://serviceusage.googleapis.com/v1/projects/cabzi-welr1/services/firebaseapphosting.googleapis.com x-goog-quota-user=projects/cabzi-welr1
[debug] [2025-11-20T14:00:02.238Z] <<< [apiv2][status] POST https://www.googleapis.com/oauth2/v3/token 200
[error] Failed to fetch Firebase Project from Studio Workspace because WORKSPACE_SLUG environment variable is empty
[error] Failed to fetch Firebase Project from Studio Workspace because WORKSPACE_SLUG environment variable is empty
[error] Failed to fetch Firebase Project from Studio Workspace because WORKSPACE_SLUG environment variable is empty
[debug] [2025-11-20T14:00:01.860Z] > command requires scopes: ["email","openid","https://www.googleapis.com/auth/cloudplatformprojects.readonly","https://www.googleapis.com/auth/firebase","https://www.googleapis.com/auth/cloud-platform","https://www.googleapis.com/auth/userinfo.email"]
[debug] [2025-11-20T14:00:01.867Z] > authorizing via signed-in user (rishirajmishraaaa@gmail.com)
[debug] [2025-11-20T14:00:02.058Z] Checked if tokens are valid: true, expires at: 1763650800929
[debug] [2025-11-20T14:00:02.059Z] Checked if tokens are valid: true, expires at: 1763650800929
[debug] [2025-11-20T14:00:02.070Z] Checked if tokens are valid: true, expires at: 1763650800929
[debug] [2025-11-20T14:00:02.079Z] Checked if tokens are valid: true, expires at: 1763650800929
[debug] [2025-11-20T14:00:02.079Z] > command requires scopes: ["email","openid","https://www.googleapis.com/auth/cloudplatformprojects.readonly","https://www.googleapis.com/auth/firebase","https://www.googleapis.com/auth/cloud-platform","https://www.googleapis.com/auth/userinfo.email"]
[debug] [2025-11-20T14:00:02.084Z] > authorizing via signed-in user (rishirajmishraaaa@gmail.com)
[debug] [2025-11-20T14:00:02.106Z] >>> [apiv2][query] GET https://serviceusage.googleapis.com/v1/projects/cabzi-welr1/services/firebaseapphosting.googleapis.com [none]
[debug] [2025-11-20T14:00:02.106Z] >>> [apiv2][(partial)header] GET https://serviceusage.googleapis.com/v1/projects/cabzi-welr1/services/firebaseapphosting.googleapis.com x-goog-quota-user=projects/cabzi-welr1
[debug] [2025-11-20T14:00:02.121Z] >>> [apiv2][query] GET https://serviceusage.googleapis.com/v1/projects/cabzi-welr1/services/firebaseio.com [none]
[debug] [2025-11-20T14:00:02.126Z] >>> [apiv2][(partial)header] GET https://serviceusage.googleapis.com/v1/projects/cabzi-welr1/services/firebaseio.com x-goog-quota-user=projects/cabzi-welr1
[debug] [2025-11-20T14:00:02.158Z] Checked if tokens are valid: true, expires at: 1763650800929
[debug] [2025-11-20T14:00:02.158Z] Checked if tokens are valid: true, expires at: 1763650800929
[debug] [2025-11-20T14:00:02.168Z] Checked if tokens are valid: true, expires at: 1763650800929
[debug] [2025-11-20T14:00:02.169Z] Checked if tokens are valid: true, expires at: 1763650800929
[debug] [2025-11-20T14:00:02.169Z] >>> [apiv2][query] GET https://serviceusage.googleapis.com/v1/projects/cabzi-welr1/services/firebaseapphosting.googleapis.com [none]
[debug] [2025-11-20T14:00:02.169Z] >>> [apiv2][(partial)header] GET https://serviceusage.googleapis.com/v1/projects/cabzi-welr1/services/firebaseapphosting.googleapis.com x-goog-quota-user=projects/cabzi-welr1
[debug] [2025-11-20T14:00:02.190Z] >>> [apiv2][query] GET https://serviceusage.googleapis.com/v1/projects/cabzi-welr1/services/firebaseio.com [none]
[debug] [2025-11-20T14:00:02.191Z] >>> [apiv2][(partial)header] GET https://serviceusage.googleapis.com/v1/projects/cabzi-welr1/services/firebaseio.com x-goog-quota-user=projects/cabzi-welr1
[debug] [2025-11-20T14:00:02.248Z] <<< [apiv2][body] POST https://www.googleapis.com/oauth2/v3/token [omitted]
[debug] [2025-11-20T14:00:02.290Z] >>> [apiv2][query] GET https://serviceusage.googleapis.com/v1/projects/cabzi-welr1/services/firebaseio.com [none]
[debug] [2025-11-20T14:00:02.292Z] >>> [apiv2][(partial)header] GET https://serviceusage.googleapis.com/v1/projects/cabzi-welr1/services/firebaseio.com x-goog-quota-user=projects/cabzi-welr1
[debug] [2025-11-20T14:00:02.323Z] <<< [apiv2][status] POST https://www.googleapis.com/oauth2/v3/token 200
[debug] [2025-11-20T14:00:02.323Z] <<< [apiv2][body] POST https://www.googleapis.com/oauth2/v3/token [omitted]
[debug] [2025-11-20T14:00:02.338Z] >>> [apiv2][query] GET https://serviceusage.googleapis.com/v1/projects/cabzi-welr1/services/firebaseapphosting.googleapis.com [none]
[debug] [2025-11-20T14:00:02.338Z] >>> [apiv2][(partial)header] GET https://serviceusage.googleapis.com/v1/projects/cabzi-welr1/services/firebaseapphosting.googleapis.com x-goog-quota-user=projects/cabzi-welr1
[debug] [2025-11-20T14:00:03.057Z] <<< [apiv2][status] GET https://serviceusage.googleapis.com/v1/projects/cabzi-welr1/services/firebaseio.com 403
[debug] [2025-11-20T14:00:03.058Z] <<< [apiv2][body] GET https://serviceusage.googleapis.com/v1/projects/cabzi-welr1/services/firebaseio.com [omitted]
[debug] [2025-11-20T14:00:03.160Z] <<< [apiv2][status] GET https://serviceusage.googleapis.com/v1/projects/cabzi-welr1/services/firebaseapphosting.googleapis.com 200
[debug] [2025-11-20T14:00:03.161Z] <<< [apiv2][body] GET https://serviceusage.googleapis.com/v1/projects/cabzi-welr1/services/firebaseapphosting.googleapis.com [omitted]
[debug] [2025-11-20T14:00:03.319Z] <<< [apiv2][status] GET https://serviceusage.googleapis.com/v1/projects/cabzi-welr1/services/firebaseio.com 403
[debug] [2025-11-20T14:00:03.322Z] <<< [apiv2][body] GET https://serviceusage.googleapis.com/v1/projects/cabzi-welr1/services/firebaseio.com [omitted]
[error] Failed to fetch Firebase Project from Studio Workspace because WORKSPACE_SLUG environment variable is empty
[error] Failed to fetch Firebase Project from Studio Workspace because WORKSPACE_SLUG environment variable is empty
[error] Failed to fetch Firebase Project from Studio Workspace because WORKSPACE_SLUG environment variable is empty
[debug] [2025-11-20T14:00:03.356Z] > command requires scopes: ["email","openid","https://www.googleapis.com/auth/cloudplatformprojects.readonly","https://www.googleapis.com/auth/firebase","https://www.googleapis.com/auth/cloud-platform","https://www.googleapis.com/auth/userinfo.email"]
[debug] [2025-11-20T14:00:03.356Z] > authorizing via signed-in user (rishirajmishraaaa@gmail.com)
[error] Failed to fetch Firebase Project from Studio Workspace because WORKSPACE_SLUG environment variable is empty
[debug] [2025-11-20T14:00:03.368Z] > command requires scopes: ["email","openid","https://www.googleapis.com/auth/cloudplatformprojects.readonly","https://www.googleapis.com/auth/firebase","https://www.googleapis.com/auth/cloud-platform","https://www.googleapis.com/auth/userinfo.email"]
[debug] [2025-11-20T14:00:03.370Z] > authorizing via signed-in user (rishirajmishraaaa@gmail.com)
[debug] [2025-11-20T14:00:03.398Z] <<< [apiv2][status] GET https://serviceusage.googleapis.com/v1/projects/cabzi-welr1/services/firebaseapphosting.googleapis.com 200
[debug] [2025-11-20T14:00:03.398Z] <<< [apiv2][body] GET https://serviceusage.googleapis.com/v1/projects/cabzi-welr1/services/firebaseapphosting.googleapis.com [omitted]
[debug] [2025-11-20T14:00:03.444Z] <<< [apiv2][status] GET https://serviceusage.googleapis.com/v1/projects/cabzi-welr1/services/firebaseio.com 403
[debug] [2025-11-20T14:00:03.444Z] <<< [apiv2][body] GET https://serviceusage.googleapis.com/v1/projects/cabzi-welr1/services/firebaseio.com [omitted]
[debug] [2025-11-20T14:00:03.477Z] <<< [apiv2][status] GET https://serviceusage.googleapis.com/v1/projects/cabzi-welr1/services/firebaseapphosting.googleapis.com 200
[debug] [2025-11-20T14:00:03.478Z] <<< [apiv2][body] GET https://serviceusage.googleapis.com/v1/projects/cabzi-welr1/services/firebaseapphosting.googleapis.com [omitted]
[error] Failed to fetch Firebase Project from Studio Workspace because WORKSPACE_SLUG environment variable is empty
[error] Failed to fetch Firebase Project from Studio Workspace because WORKSPACE_SLUG environment variable is empty
[error] Failed to fetch Firebase Project from Studio Workspace because WORKSPACE_SLUG environment variable is empty
[debug] [2025-11-20T14:00:03.516Z] > command requires scopes: ["email","openid","https://www.googleapis.com/auth/cloudplatformprojects.readonly","https://www.googleapis.com/auth/firebase","https://www.googleapis.com/auth/cloud-platform","https://www.googleapis.com/auth/userinfo.email"]
[debug] [2025-11-20T14:00:03.517Z] > authorizing via signed-in user (rishirajmishraaaa@gmail.com)
[error] Failed to fetch Firebase Project from Studio Workspace because WORKSPACE_SLUG environment variable is empty
[debug] [2025-11-20T14:00:03.526Z] > command requires scopes: ["email","openid","https://www.googleapis.com/auth/cloudplatformprojects.readonly","https://www.googleapis.com/auth/firebase","https://www.googleapis.com/auth/cloud-platform","https://www.googleapis.com/auth/userinfo.email"]
[debug] [2025-11-20T14:00:03.526Z] > authorizing via signed-in user (rishirajmishraaaa@gmail.com)
[debug] [2025-11-20T14:00:03.548Z] <<< [apiv2][status] GET https://serviceusage.googleapis.com/v1/projects/cabzi-welr1/services/firebaseio.com 403
[debug] [2025-11-20T14:00:03.548Z] <<< [apiv2][body] GET https://serviceusage.googleapis.com/v1/projects/cabzi-welr1/services/firebaseio.com [omitted]
[debug] [2025-11-20T14:00:03.549Z] <<< [apiv2][status] GET https://serviceusage.googleapis.com/v1/projects/cabzi-welr1/services/firebaseapphosting.googleapis.com 200
[debug] [2025-11-20T14:00:03.555Z] <<< [apiv2][body] GET https://serviceusage.googleapis.com/v1/projects/cabzi-welr1/services/firebaseapphosting.googleapis.com [omitted]
[error] Failed to fetch Firebase Project from Studio Workspace because WORKSPACE_SLUG environment variable is empty
[error] Failed to fetch Firebase Project from Studio Workspace because WORKSPACE_SLUG environment variable is empty
[error] Failed to fetch Firebase Project from Studio Workspace because WORKSPACE_SLUG environment variable is empty
[error] Failed to fetch Firebase Project from Studio Workspace because WORKSPACE_SLUG environment variable is empty
[debug] [2025-11-20T14:00:03.616Z] > command requires scopes: ["email","openid","https://www.googleapis.com/auth/cloudplatformprojects.readonly","https://www.googleapis.com/auth/firebase","https://www.googleapis.com/auth/cloud-platform","https://www.googleapis.com/auth/userinfo.email"]
[debug] [2025-11-20T14:00:03.616Z] > authorizing via signed-in user (rishirajmishraaaa@gmail.com)
[error] Failed to fetch Firebase Project from Studio Workspace because WORKSPACE_SLUG environment variable is empty
[debug] [2025-11-20T14:00:03.621Z] > command requires scopes: ["email","openid","https://www.googleapis.com/auth/cloudplatformprojects.readonly","https://www.googleapis.com/auth/firebase","https://www.googleapis.com/auth/cloud-platform","https://www.googleapis.com/auth/userinfo.email"]
[debug] [2025-11-20T14:00:03.621Z] > authorizing via signed-in user (rishirajmishraaaa@gmail.com)
[error] Failed to fetch Firebase Project from Studio Workspace because WORKSPACE_SLUG environment variable is empty
[error] Failed to fetch Firebase Project from Studio Workspace because WORKSPACE_SLUG environment variable is empty
[debug] [2025-11-20T14:00:03.670Z] > command requires scopes: ["email","openid","https://www.googleapis.com/auth/cloudplatformprojects.readonly","https://www.googleapis.com/auth/firebase","https://www.googleapis.com/auth/cloud-platform","https://www.googleapis.com/auth/userinfo.email"]
[debug] [2025-11-20T14:00:03.670Z] > authorizing via signed-in user (rishirajmishraaaa@gmail.com)
[error] Failed to fetch Firebase Project from Studio Workspace because WORKSPACE_SLUG environment variable is empty
[debug] [2025-11-20T14:00:03.697Z] > command requires scopes: ["email","openid","https://www.googleapis.com/auth/cloudplatformprojects.readonly","https://www.googleapis.com/auth/firebase","https://www.googleapis.com/auth/cloud-platform","https://www.googleapis.com/auth/userinfo.email"]
[debug] [2025-11-20T14:00:03.698Z] > authorizing via signed-in user (rishirajmishraaaa@gmail.com)
