[error] Failed to fetch Firebase Project from Studio Workspace because WORKSPACE_SLUG environment variable is empty
[error] Failed to fetch Firebase Project from Studio Workspace because WORKSPACE_SLUG environment variable is empty
[error] Failed to fetch Firebase Project from Studio Workspace because WORKSPACE_SLUG environment variable is empty
[error] Failed to fetch Firebase Project from Studio Workspace because WORKSPACE_SLUG environment variable is empty
[debug] [2025-11-20T16:06:55.884Z] > command requires scopes: ["email","openid","https://www.googleapis.com/auth/cloudplatformprojects.readonly","https://www.googleapis.com/auth/firebase","https://www.googleapis.com/auth/cloud-platform","https://www.googleapis.com/auth/userinfo.email"]
[debug] [2025-11-20T16:06:55.885Z] > authorizing via signed-in user (rishirajmishraaaa@gmail.com)
[debug] [2025-11-20T16:06:55.925Z] Checked if tokens are valid: true, expires at: 1763657122489
[debug] [2025-11-20T16:06:55.925Z] Checked if tokens are valid: true, expires at: 1763657122489
[debug] [2025-11-20T16:06:55.926Z] Checked if tokens are valid: true, expires at: 1763657122489
[debug] [2025-11-20T16:06:55.927Z] Checked if tokens are valid: true, expires at: 1763657122489
[debug] [2025-11-20T16:06:55.927Z] > command requires scopes: ["email","openid","https://www.googleapis.com/auth/cloudplatformprojects.readonly","https://www.googleapis.com/auth/firebase","https://www.googleapis.com/auth/cloud-platform","https://www.googleapis.com/auth/userinfo.email"]
[debug] [2025-11-20T16:06:55.927Z] > authorizing via signed-in user (rishirajmishraaaa@gmail.com)
[debug] [2025-11-20T16:06:55.930Z] >>> [apiv2][query] GET https://serviceusage.googleapis.com/v1/projects/cabzi-welr1/services/firebaseapphosting.googleapis.com [none]
[debug] [2025-11-20T16:06:55.930Z] >>> [apiv2][(partial)header] GET https://serviceusage.googleapis.com/v1/projects/cabzi-welr1/services/firebaseapphosting.googleapis.com x-goog-quota-user=projects/cabzi-welr1
[debug] [2025-11-20T16:06:55.934Z] >>> [apiv2][query] GET https://serviceusage.googleapis.com/v1/projects/cabzi-welr1/services/firebaseio.com [none]
[debug] [2025-11-20T16:06:55.934Z] >>> [apiv2][(partial)header] GET https://serviceusage.googleapis.com/v1/projects/cabzi-welr1/services/firebaseio.com x-goog-quota-user=projects/cabzi-welr1
[debug] [2025-11-20T16:06:55.940Z] Checked if tokens are valid: true, expires at: 1763657122489
[debug] [2025-11-20T16:06:55.940Z] Checked if tokens are valid: true, expires at: 1763657122489
[debug] [2025-11-20T16:06:55.941Z] Checked if tokens are valid: true, expires at: 1763657122489
[debug] [2025-11-20T16:06:55.941Z] Checked if tokens are valid: true, expires at: 1763657122489
[debug] [2025-11-20T16:06:55.942Z] >>> [apiv2][query] GET https://serviceusage.googleapis.com/v1/projects/cabzi-welr1/services/firebaseapphosting.googleapis.com [none]
[debug] [2025-11-20T16:06:55.942Z] >>> [apiv2][(partial)header] GET https://serviceusage.googleapis.com/v1/projects/cabzi-welr1/services/firebaseapphosting.googleapis.com x-goog-quota-user=projects/cabzi-welr1
[debug] [2025-11-20T16:06:55.944Z] >>> [apiv2][query] GET https://serviceusage.googleapis.com/v1/projects/cabzi-welr1/services/firebaseio.com [none]
[debug] [2025-11-20T16:06:55.944Z] >>> [apiv2][(partial)header] GET https://serviceusage.googleapis.com/v1/projects/cabzi-welr1/services/firebaseio.com x-goog-quota-user=projects/cabzi-welr1
[debug] [2025-11-20T16:06:56.985Z] <<< [apiv2][status] GET https://serviceusage.googleapis.com/v1/projects/cabzi-welr1/services/firebaseio.com 403
[debug] [2025-11-20T16:06:56.986Z] <<< [apiv2][body] GET https://serviceusage.googleapis.com/v1/projects/cabzi-welr1/services/firebaseio.com [omitted]
[debug] [2025-11-20T16:06:57.004Z] <<< [apiv2][status] GET https://serviceusage.googleapis.com/v1/projects/cabzi-welr1/services/firebaseapphosting.googleapis.com 200
[debug] [2025-11-20T16:06:57.004Z] <<< [apiv2][body] GET https://serviceusage.googleapis.com/v1/projects/cabzi-welr1/services/firebaseapphosting.googleapis.com [omitted]
[debug] [2025-11-20T16:06:57.020Z] <<< [apiv2][status] GET https://serviceusage.googleapis.com/v1/projects/cabzi-welr1/services/firebaseio.com 403
[debug] [2025-11-20T16:06:57.020Z] <<< [apiv2][body] GET https://serviceusage.googleapis.com/v1/projects/cabzi-welr1/services/firebaseio.com [omitted]
[error] Failed to fetch Firebase Project from Studio Workspace because WORKSPACE_SLUG environment variable is empty
[error] Failed to fetch Firebase Project from Studio Workspace because WORKSPACE_SLUG environment variable is empty
[error] Failed to fetch Firebase Project from Studio Workspace because WORKSPACE_SLUG environment variable is empty
[debug] [2025-11-20T16:06:57.056Z] > command requires scopes: ["email","openid","https://www.googleapis.com/auth/cloudplatformprojects.readonly","https://www.googleapis.com/auth/firebase","https://www.googleapis.com/auth/cloud-platform","https://www.googleapis.com/auth/userinfo.email"]
[debug] [2025-11-20T16:06:57.056Z] > authorizing via signed-in user (rishirajmishraaaa@gmail.com)
[error] Failed to fetch Firebase Project from Studio Workspace because WORKSPACE_SLUG environment variable is empty
[debug] [2025-11-20T16:06:57.061Z] > command requires scopes: ["email","openid","https://www.googleapis.com/auth/cloudplatformprojects.readonly","https://www.googleapis.com/auth/firebase","https://www.googleapis.com/auth/cloud-platform","https://www.googleapis.com/auth/userinfo.email"]
[debug] [2025-11-20T16:06:57.061Z] > authorizing via signed-in user (rishirajmishraaaa@gmail.com)
[debug] [2025-11-20T16:06:57.072Z] <<< [apiv2][status] GET https://serviceusage.googleapis.com/v1/projects/cabzi-welr1/services/firebaseapphosting.googleapis.com 200
[debug] [2025-11-20T16:06:57.072Z] <<< [apiv2][body] GET https://serviceusage.googleapis.com/v1/projects/cabzi-welr1/services/firebaseapphosting.googleapis.com [omitted]
[error] Failed to fetch Firebase Project from Studio Workspace because WORKSPACE_SLUG environment variable is empty
[error] Failed to fetch Firebase Project from Studio Workspace because WORKSPACE_SLUG environment variable is empty
[error] Failed to fetch Firebase Project from Studio Workspace because WORKSPACE_SLUG environment variable is empty
[error] Failed to fetch Firebase Project from Studio Workspace because WORKSPACE_SLUG environment variable is empty
[debug] [2025-11-20T16:06:57.101Z] > command requires scopes: ["email","openid","https://www.googleapis.com/auth/cloudplatformprojects.readonly","https://www.googleapis.com/auth/firebase","https://www.googleapis.com/auth/cloud-platform","https://www.googleapis.com/auth/userinfo.email"]
[debug] [2025-11-20T16:06:57.101Z] > authorizing via signed-in user (rishirajmishraaaa@gmail.com)
[error] Failed to fetch Firebase Project from Studio Workspace because WORKSPACE_SLUG environment variable is empty
[debug] [2025-11-20T16:06:57.104Z] > command requires scopes: ["email","openid","https://www.googleapis.com/auth/cloudplatformprojects.readonly","https://www.googleapis.com/auth/firebase","https://www.googleapis.com/auth/cloud-platform","https://www.googleapis.com/auth/userinfo.email"]
[debug] [2025-11-20T16:06:57.104Z] > authorizing via signed-in user (rishirajmishraaaa@gmail.com)
[error] Failed to fetch Firebase Project from Studio Workspace because WORKSPACE_SLUG environment variable is empty
[error] Failed to fetch Firebase Project from Studio Workspace because WORKSPACE_SLUG environment variable is empty
[debug] [2025-11-20T16:06:57.142Z] > command requires scopes: ["email","openid","https://www.googleapis.com/auth/cloudplatformprojects.readonly","https://www.googleapis.com/auth/firebase","https://www.googleapis.com/auth/cloud-platform","https://www.googleapis.com/auth/userinfo.email"]
[debug] [2025-11-20T16:06:57.142Z] > authorizing via signed-in user (rishirajmishraaaa@gmail.com)
[error] Failed to fetch Firebase Project from Studio Workspace because WORKSPACE_SLUG environment variable is empty
[debug] [2025-11-20T16:06:57.147Z] > command requires scopes: ["email","openid","https://www.googleapis.com/auth/cloudplatformprojects.readonly","https://www.googleapis.com/auth/firebase","https://www.googleapis.com/auth/cloud-platform","https://www.googleapis.com/auth/userinfo.email"]
[debug] [2025-11-20T16:06:57.148Z] > authorizing via signed-in user (rishirajmishraaaa@gmail.com)
[error] Failed to fetch Firebase Project from Studio Workspace because WORKSPACE_SLUG environment variable is empty
[error] Failed to fetch Firebase Project from Studio Workspace because WORKSPACE_SLUG environment variable is empty
[error] Failed to fetch Firebase Project from Studio Workspace because WORKSPACE_SLUG environment variable is empty
[error] Failed to fetch Firebase Project from Studio Workspace because WORKSPACE_SLUG environment variable is empty
[debug] [2025-11-20T16:28:53.612Z] > command requires scopes: ["email","openid","https://www.googleapis.com/auth/cloudplatformprojects.readonly","https://www.googleapis.com/auth/firebase","https://www.googleapis.com/auth/cloud-platform","https://www.googleapis.com/auth/userinfo.email"]
[debug] [2025-11-20T16:28:53.614Z] > authorizing via signed-in user (rishirajmishraaaa@gmail.com)
[debug] [2025-11-20T16:28:53.705Z] Checked if tokens are valid: true, expires at: 1763657122489
[debug] [2025-11-20T16:28:53.710Z] Checked if tokens are valid: true, expires at: 1763657122489
[debug] [2025-11-20T16:28:53.715Z] Checked if tokens are valid: true, expires at: 1763657122489
[debug] [2025-11-20T16:28:53.718Z] Checked if tokens are valid: true, expires at: 1763657122489
[debug] [2025-11-20T16:28:53.718Z] > command requires scopes: ["email","openid","https://www.googleapis.com/auth/cloudplatformprojects.readonly","https://www.googleapis.com/auth/firebase","https://www.googleapis.com/auth/cloud-platform","https://www.googleapis.com/auth/userinfo.email"]
[debug] [2025-11-20T16:28:53.720Z] > authorizing via signed-in user (rishirajmishraaaa@gmail.com)
[debug] [2025-11-20T16:28:53.732Z] >>> [apiv2][query] GET https://serviceusage.googleapis.com/v1/projects/cabzi-welr1/services/firebaseapphosting.googleapis.com [none]
[debug] [2025-11-20T16:28:53.732Z] >>> [apiv2][(partial)header] GET https://serviceusage.googleapis.com/v1/projects/cabzi-welr1/services/firebaseapphosting.googleapis.com x-goog-quota-user=projects/cabzi-welr1
[debug] [2025-11-20T16:28:53.745Z] >>> [apiv2][query] GET https://serviceusage.googleapis.com/v1/projects/cabzi-welr1/services/firebaseio.com [none]
[debug] [2025-11-20T16:28:53.753Z] >>> [apiv2][(partial)header] GET https://serviceusage.googleapis.com/v1/projects/cabzi-welr1/services/firebaseio.com x-goog-quota-user=projects/cabzi-welr1
[debug] [2025-11-20T16:28:53.778Z] Checked if tokens are valid: true, expires at: 1763657122489
[debug] [2025-11-20T16:28:53.779Z] Checked if tokens are valid: true, expires at: 1763657122489
[debug] [2025-11-20T16:28:53.780Z] Checked if tokens are valid: true, expires at: 1763657122489
[debug] [2025-11-20T16:28:53.780Z] Checked if tokens are valid: true, expires at: 1763657122489
[debug] [2025-11-20T16:28:53.780Z] >>> [apiv2][query] GET https://serviceusage.googleapis.com/v1/projects/cabzi-welr1/services/firebaseapphosting.googleapis.com [none]
[debug] [2025-11-20T16:28:53.780Z] >>> [apiv2][(partial)header] GET https://serviceusage.googleapis.com/v1/projects/cabzi-welr1/services/firebaseapphosting.googleapis.com x-goog-quota-user=projects/cabzi-welr1
[debug] [2025-11-20T16:28:53.783Z] >>> [apiv2][query] GET https://serviceusage.googleapis.com/v1/projects/cabzi-welr1/services/firebaseio.com [none]
[debug] [2025-11-20T16:28:53.783Z] >>> [apiv2][(partial)header] GET https://serviceusage.googleapis.com/v1/projects/cabzi-welr1/services/firebaseio.com x-goog-quota-user=projects/cabzi-welr1
[debug] [2025-11-20T16:28:55.207Z] <<< [apiv2][status] GET https://serviceusage.googleapis.com/v1/projects/cabzi-welr1/services/firebaseapphosting.googleapis.com 200
[debug] [2025-11-20T16:28:55.207Z] <<< [apiv2][body] GET https://serviceusage.googleapis.com/v1/projects/cabzi-welr1/services/firebaseapphosting.googleapis.com [omitted]
[debug] [2025-11-20T16:28:55.233Z] <<< [apiv2][status] GET https://serviceusage.googleapis.com/v1/projects/cabzi-welr1/services/firebaseapphosting.googleapis.com 200
[debug] [2025-11-20T16:28:55.234Z] <<< [apiv2][body] GET https://serviceusage.googleapis.com/v1/projects/cabzi-welr1/services/firebaseapphosting.googleapis.com [omitted]
[debug] [2025-11-20T16:28:55.316Z] <<< [apiv2][status] GET https://serviceusage.googleapis.com/v1/projects/cabzi-welr1/services/firebaseio.com 403
[debug] [2025-11-20T16:28:55.316Z] <<< [apiv2][body] GET https://serviceusage.googleapis.com/v1/projects/cabzi-welr1/services/firebaseio.com [omitted]
[debug] [2025-11-20T16:28:55.336Z] <<< [apiv2][status] GET https://serviceusage.googleapis.com/v1/projects/cabzi-welr1/services/firebaseio.com 403
[debug] [2025-11-20T16:28:55.336Z] <<< [apiv2][body] GET https://serviceusage.googleapis.com/v1/projects/cabzi-welr1/services/firebaseio.com [omitted]
[error] Failed to fetch Firebase Project from Studio Workspace because WORKSPACE_SLUG environment variable is empty
[error] Failed to fetch Firebase Project from Studio Workspace because WORKSPACE_SLUG environment variable is empty
[error] Failed to fetch Firebase Project from Studio Workspace because WORKSPACE_SLUG environment variable is empty
[debug] [2025-11-20T16:28:55.408Z] > command requires scopes: ["email","openid","https://www.googleapis.com/auth/cloudplatformprojects.readonly","https://www.googleapis.com/auth/firebase","https://www.googleapis.com/auth/cloud-platform","https://www.googleapis.com/auth/userinfo.email"]
[debug] [2025-11-20T16:28:55.408Z] > authorizing via signed-in user (rishirajmishraaaa@gmail.com)
[error] Failed to fetch Firebase Project from Studio Workspace because WORKSPACE_SLUG environment variable is empty
[debug] [2025-11-20T16:28:55.435Z] > command requires scopes: ["email","openid","https://www.googleapis.com/auth/cloudplatformprojects.readonly","https://www.googleapis.com/auth/firebase","https://www.googleapis.com/auth/cloud-platform","https://www.googleapis.com/auth/userinfo.email"]
[debug] [2025-11-20T16:28:55.435Z] > authorizing via signed-in user (rishirajmishraaaa@gmail.com)
[error] Failed to fetch Firebase Project from Studio Workspace because WORKSPACE_SLUG environment variable is empty
[error] Failed to fetch Firebase Project from Studio Workspace because WORKSPACE_SLUG environment variable is empty
[error] Failed to fetch Firebase Project from Studio Workspace because WORKSPACE_SLUG environment variable is empty
[error] Failed to fetch Firebase Project from Studio Workspace because WORKSPACE_SLUG environment variable is empty
[debug] [2025-11-20T16:28:55.838Z] > command requires scopes: ["email","openid","https://www.googleapis.com/auth/cloudplatformprojects.readonly","https://www.googleapis.com/auth/firebase","https://www.googleapis.com/auth/cloud-platform","https://www.googleapis.com/auth/userinfo.email"]
[debug] [2025-11-20T16:28:55.856Z] > authorizing via signed-in user (rishirajmishraaaa@gmail.com)
[error] Failed to fetch Firebase Project from Studio Workspace because WORKSPACE_SLUG environment variable is empty
[debug] [2025-11-20T16:28:55.869Z] > command requires scopes: ["email","openid","https://www.googleapis.com/auth/cloudplatformprojects.readonly","https://www.googleapis.com/auth/firebase","https://www.googleapis.com/auth/cloud-platform","https://www.googleapis.com/auth/userinfo.email"]
[debug] [2025-11-20T16:28:55.877Z] > authorizing via signed-in user (rishirajmishraaaa@gmail.com)
[error] Failed to fetch Firebase Project from Studio Workspace because WORKSPACE_SLUG environment variable is empty
[error] Failed to fetch Firebase Project from Studio Workspace because WORKSPACE_SLUG environment variable is empty
[debug] [2025-11-20T16:28:56.015Z] > command requires scopes: ["email","openid","https://www.googleapis.com/auth/cloudplatformprojects.readonly","https://www.googleapis.com/auth/firebase","https://www.googleapis.com/auth/cloud-platform","https://www.googleapis.com/auth/userinfo.email"]
[debug] [2025-11-20T16:28:56.015Z] > authorizing via signed-in user (rishirajmishraaaa@gmail.com)
[error] Failed to fetch Firebase Project from Studio Workspace because WORKSPACE_SLUG environment variable is empty
[debug] [2025-11-20T16:28:56.041Z] > command requires scopes: ["email","openid","https://www.googleapis.com/auth/cloudplatformprojects.readonly","https://www.googleapis.com/auth/firebase","https://www.googleapis.com/auth/cloud-platform","https://www.googleapis.com/auth/userinfo.email"]
[debug] [2025-11-20T16:28:56.042Z] > authorizing via signed-in user (rishirajmishraaaa@gmail.com)
[error] Failed to fetch Firebase Project from Studio Workspace because WORKSPACE_SLUG environment variable is empty
[error] Failed to fetch Firebase Project from Studio Workspace because WORKSPACE_SLUG environment variable is empty
[error] Failed to fetch Firebase Project from Studio Workspace because WORKSPACE_SLUG environment variable is empty
[error] Failed to fetch Firebase Project from Studio Workspace because WORKSPACE_SLUG environment variable is empty
[debug] [2025-11-20T16:45:58.335Z] > command requires scopes: ["email","openid","https://www.googleapis.com/auth/cloudplatformprojects.readonly","https://www.googleapis.com/auth/firebase","https://www.googleapis.com/auth/cloud-platform","https://www.googleapis.com/auth/userinfo.email"]
[debug] [2025-11-20T16:45:58.336Z] > authorizing via signed-in user (rishirajmishraaaa@gmail.com)
[debug] [2025-11-20T16:45:58.370Z] Checked if tokens are valid: false, expires at: 1763657122489
[debug] [2025-11-20T16:45:58.371Z] Checked if tokens are valid: false, expires at: 1763657122489
[debug] [2025-11-20T16:45:58.373Z] > refreshing access token with scopes: []
[debug] [2025-11-20T16:45:58.377Z] >>> [apiv2][query] POST https://www.googleapis.com/oauth2/v3/token [none]
[debug] [2025-11-20T16:45:58.377Z] >>> [apiv2][body] POST https://www.googleapis.com/oauth2/v3/token [omitted]
[debug] [2025-11-20T16:45:58.383Z] Checked if tokens are valid: false, expires at: 1763657122489
[debug] [2025-11-20T16:45:58.383Z] Checked if tokens are valid: false, expires at: 1763657122489
[debug] [2025-11-20T16:45:58.384Z] > refreshing access token with scopes: []
[debug] [2025-11-20T16:45:58.384Z] >>> [apiv2][query] POST https://www.googleapis.com/oauth2/v3/token [none]
[debug] [2025-11-20T16:45:58.385Z] >>> [apiv2][body] POST https://www.googleapis.com/oauth2/v3/token [omitted]
[debug] [2025-11-20T16:45:58.387Z] > command requires scopes: ["email","openid","https://www.googleapis.com/auth/cloudplatformprojects.readonly","https://www.googleapis.com/auth/firebase","https://www.googleapis.com/auth/cloud-platform","https://www.googleapis.com/auth/userinfo.email"]
[debug] [2025-11-20T16:45:58.387Z] > authorizing via signed-in user (rishirajmishraaaa@gmail.com)
[debug] [2025-11-20T16:45:58.391Z] Checked if tokens are valid: false, expires at: 1763657122489
[debug] [2025-11-20T16:45:58.392Z] Checked if tokens are valid: false, expires at: 1763657122489
[debug] [2025-11-20T16:45:58.392Z] > refreshing access token with scopes: []
[debug] [2025-11-20T16:45:58.393Z] >>> [apiv2][query] POST https://www.googleapis.com/oauth2/v3/token [none]
[debug] [2025-11-20T16:45:58.393Z] >>> [apiv2][body] POST https://www.googleapis.com/oauth2/v3/token [omitted]
[debug] [2025-11-20T16:45:58.396Z] Checked if tokens are valid: false, expires at: 1763657122489
[debug] [2025-11-20T16:45:58.397Z] Checked if tokens are valid: false, expires at: 1763657122489
[debug] [2025-11-20T16:45:58.397Z] > refreshing access token with scopes: []
[debug] [2025-11-20T16:45:58.398Z] >>> [apiv2][query] POST https://www.googleapis.com/oauth2/v3/token [none]
[debug] [2025-11-20T16:45:58.398Z] >>> [apiv2][body] POST https://www.googleapis.com/oauth2/v3/token [omitted]
[debug] [2025-11-20T16:45:58.616Z] <<< [apiv2][status] POST https://www.googleapis.com/oauth2/v3/token 200
[debug] [2025-11-20T16:45:58.617Z] <<< [apiv2][body] POST https://www.googleapis.com/oauth2/v3/token [omitted]
[debug] [2025-11-20T16:45:58.640Z] >>> [apiv2][query] GET https://serviceusage.googleapis.com/v1/projects/cabzi-welr1/services/firebaseio.com [none]
[debug] [2025-11-20T16:45:58.641Z] >>> [apiv2][(partial)header] GET https://serviceusage.googleapis.com/v1/projects/cabzi-welr1/services/firebaseio.com x-goog-quota-user=projects/cabzi-welr1
[debug] [2025-11-20T16:45:58.791Z] <<< [apiv2][status] POST https://www.googleapis.com/oauth2/v3/token 200
[debug] [2025-11-20T16:45:58.791Z] <<< [apiv2][body] POST https://www.googleapis.com/oauth2/v3/token [omitted]
[debug] [2025-11-20T16:45:58.806Z] >>> [apiv2][query] GET https://serviceusage.googleapis.com/v1/projects/cabzi-welr1/services/firebaseio.com [none]
[debug] [2025-11-20T16:45:58.806Z] >>> [apiv2][(partial)header] GET https://serviceusage.googleapis.com/v1/projects/cabzi-welr1/services/firebaseio.com x-goog-quota-user=projects/cabzi-welr1
[debug] [2025-11-20T16:45:58.814Z] <<< [apiv2][status] POST https://www.googleapis.com/oauth2/v3/token 200
[debug] [2025-11-20T16:45:58.814Z] <<< [apiv2][body] POST https://www.googleapis.com/oauth2/v3/token [omitted]
[debug] [2025-11-20T16:45:58.830Z] >>> [apiv2][query] GET https://serviceusage.googleapis.com/v1/projects/cabzi-welr1/services/firebaseapphosting.googleapis.com [none]
[debug] [2025-11-20T16:45:58.831Z] >>> [apiv2][(partial)header] GET https://serviceusage.googleapis.com/v1/projects/cabzi-welr1/services/firebaseapphosting.googleapis.com x-goog-quota-user=projects/cabzi-welr1
[debug] [2025-11-20T16:45:58.833Z] <<< [apiv2][status] POST https://www.googleapis.com/oauth2/v3/token 200
[debug] [2025-11-20T16:45:58.833Z] <<< [apiv2][body] POST https://www.googleapis.com/oauth2/v3/token [omitted]
[debug] [2025-11-20T16:45:58.844Z] >>> [apiv2][query] GET https://serviceusage.googleapis.com/v1/projects/cabzi-welr1/services/firebaseapphosting.googleapis.com [none]
[debug] [2025-11-20T16:45:58.844Z] >>> [apiv2][(partial)header] GET https://serviceusage.googleapis.com/v1/projects/cabzi-welr1/services/firebaseapphosting.googleapis.com x-goog-quota-user=projects/cabzi-welr1
[debug] [2025-11-20T16:45:59.679Z] <<< [apiv2][status] GET https://serviceusage.googleapis.com/v1/projects/cabzi-welr1/services/firebaseio.com 403
[debug] [2025-11-20T16:45:59.679Z] <<< [apiv2][body] GET https://serviceusage.googleapis.com/v1/projects/cabzi-welr1/services/firebaseio.com [omitted]
[debug] [2025-11-20T16:45:59.817Z] <<< [apiv2][status] GET https://serviceusage.googleapis.com/v1/projects/cabzi-welr1/services/firebaseio.com 403
[debug] [2025-11-20T16:45:59.817Z] <<< [apiv2][body] GET https://serviceusage.googleapis.com/v1/projects/cabzi-welr1/services/firebaseio.com [omitted]
[debug] [2025-11-20T16:45:59.885Z] <<< [apiv2][status] GET https://serviceusage.googleapis.com/v1/projects/cabzi-welr1/services/firebaseapphosting.googleapis.com 200
[debug] [2025-11-20T16:45:59.885Z] <<< [apiv2][body] GET https://serviceusage.googleapis.com/v1/projects/cabzi-welr1/services/firebaseapphosting.googleapis.com [omitted]
[debug] [2025-11-20T16:45:59.912Z] <<< [apiv2][status] GET https://serviceusage.googleapis.com/v1/projects/cabzi-welr1/services/firebaseapphosting.googleapis.com 200
[debug] [2025-11-20T16:45:59.912Z] <<< [apiv2][body] GET https://serviceusage.googleapis.com/v1/projects/cabzi-welr1/services/firebaseapphosting.googleapis.com [omitted]
[error] Failed to fetch Firebase Project from Studio Workspace because WORKSPACE_SLUG environment variable is empty
[error] Failed to fetch Firebase Project from Studio Workspace because WORKSPACE_SLUG environment variable is empty
[error] Failed to fetch Firebase Project from Studio Workspace because WORKSPACE_SLUG environment variable is empty
[debug] [2025-11-20T16:45:59.931Z] > command requires scopes: ["email","openid","https://www.googleapis.com/auth/cloudplatformprojects.readonly","https://www.googleapis.com/auth/firebase","https://www.googleapis.com/auth/cloud-platform","https://www.googleapis.com/auth/userinfo.email"]
[debug] [2025-11-20T16:45:59.932Z] > authorizing via signed-in user (rishirajmishraaaa@gmail.com)
[error] Failed to fetch Firebase Project from Studio Workspace because WORKSPACE_SLUG environment variable is empty
[debug] [2025-11-20T16:45:59.937Z] > command requires scopes: ["email","openid","https://www.googleapis.com/auth/cloudplatformprojects.readonly","https://www.googleapis.com/auth/firebase","https://www.googleapis.com/auth/cloud-platform","https://www.googleapis.com/auth/userinfo.email"]
[debug] [2025-11-20T16:45:59.937Z] > authorizing via signed-in user (rishirajmishraaaa@gmail.com)
[error] Failed to fetch Firebase Project from Studio Workspace because WORKSPACE_SLUG environment variable is empty
[error] Failed to fetch Firebase Project from Studio Workspace because WORKSPACE_SLUG environment variable is empty
[error] Failed to fetch Firebase Project from Studio Workspace because WORKSPACE_SLUG environment variable is empty
[error] Failed to fetch Firebase Project from Studio Workspace because WORKSPACE_SLUG environment variable is empty
[debug] [2025-11-20T16:45:59.983Z] > command requires scopes: ["email","openid","https://www.googleapis.com/auth/cloudplatformprojects.readonly","https://www.googleapis.com/auth/firebase","https://www.googleapis.com/auth/cloud-platform","https://www.googleapis.com/auth/userinfo.email"]
[debug] [2025-11-20T16:45:59.983Z] > authorizing via signed-in user (rishirajmishraaaa@gmail.com)
[error] Failed to fetch Firebase Project from Studio Workspace because WORKSPACE_SLUG environment variable is empty
[debug] [2025-11-20T16:45:59.985Z] > command requires scopes: ["email","openid","https://www.googleapis.com/auth/cloudplatformprojects.readonly","https://www.googleapis.com/auth/firebase","https://www.googleapis.com/auth/cloud-platform","https://www.googleapis.com/auth/userinfo.email"]
[debug] [2025-11-20T16:45:59.985Z] > authorizing via signed-in user (rishirajmishraaaa@gmail.com)
[error] Failed to fetch Firebase Project from Studio Workspace because WORKSPACE_SLUG environment variable is empty
[error] Failed to fetch Firebase Project from Studio Workspace because WORKSPACE_SLUG environment variable is empty
[debug] [2025-11-20T16:46:00.025Z] > command requires scopes: ["email","openid","https://www.googleapis.com/auth/cloudplatformprojects.readonly","https://www.googleapis.com/auth/firebase","https://www.googleapis.com/auth/cloud-platform","https://www.googleapis.com/auth/userinfo.email"]
[debug] [2025-11-20T16:46:00.025Z] > authorizing via signed-in user (rishirajmishraaaa@gmail.com)
[error] Failed to fetch Firebase Project from Studio Workspace because WORKSPACE_SLUG environment variable is empty
[debug] [2025-11-20T16:46:00.030Z] > command requires scopes: ["email","openid","https://www.googleapis.com/auth/cloudplatformprojects.readonly","https://www.googleapis.com/auth/firebase","https://www.googleapis.com/auth/cloud-platform","https://www.googleapis.com/auth/userinfo.email"]
[debug] [2025-11-20T16:46:00.030Z] > authorizing via signed-in user (rishirajmishraaaa@gmail.com)
[error] Failed to fetch Firebase Project from Studio Workspace because WORKSPACE_SLUG environment variable is empty
[error] Failed to fetch Firebase Project from Studio Workspace because WORKSPACE_SLUG environment variable is empty
[error] Failed to fetch Firebase Project from Studio Workspace because WORKSPACE_SLUG environment variable is empty
[error] Failed to fetch Firebase Project from Studio Workspace because WORKSPACE_SLUG environment variable is empty
[debug] [2025-11-20T17:33:57.884Z] > command requires scopes: ["email","openid","https://www.googleapis.com/auth/cloudplatformprojects.readonly","https://www.googleapis.com/auth/firebase","https://www.googleapis.com/auth/cloud-platform","https://www.googleapis.com/auth/userinfo.email"]
[debug] [2025-11-20T17:33:57.886Z] > authorizing via signed-in user (rishirajmishraaaa@gmail.com)
[debug] [2025-11-20T17:33:57.921Z] Checked if tokens are valid: false, expires at: 1763660757833
[debug] [2025-11-20T17:33:57.922Z] Checked if tokens are valid: false, expires at: 1763660757833
[debug] [2025-11-20T17:33:57.923Z] > refreshing access token with scopes: []
[debug] [2025-11-20T17:33:57.927Z] >>> [apiv2][query] POST https://www.googleapis.com/oauth2/v3/token [none]
[debug] [2025-11-20T17:33:57.927Z] >>> [apiv2][body] POST https://www.googleapis.com/oauth2/v3/token [omitted]
[debug] [2025-11-20T17:33:57.932Z] Checked if tokens are valid: false, expires at: 1763660757833
[debug] [2025-11-20T17:33:57.932Z] Checked if tokens are valid: false, expires at: 1763660757833
[debug] [2025-11-20T17:33:57.932Z] > refreshing access token with scopes: []
[debug] [2025-11-20T17:33:57.933Z] >>> [apiv2][query] POST https://www.googleapis.com/oauth2/v3/token [none]
[debug] [2025-11-20T17:33:57.933Z] >>> [apiv2][body] POST https://www.googleapis.com/oauth2/v3/token [omitted]
[debug] [2025-11-20T17:33:57.936Z] > command requires scopes: ["email","openid","https://www.googleapis.com/auth/cloudplatformprojects.readonly","https://www.googleapis.com/auth/firebase","https://www.googleapis.com/auth/cloud-platform","https://www.googleapis.com/auth/userinfo.email"]
[debug] [2025-11-20T17:33:57.936Z] > authorizing via signed-in user (rishirajmishraaaa@gmail.com)
[debug] [2025-11-20T17:33:57.940Z] Checked if tokens are valid: false, expires at: 1763660757833
[debug] [2025-11-20T17:33:57.940Z] Checked if tokens are valid: false, expires at: 1763660757833
[debug] [2025-11-20T17:33:57.941Z] > refreshing access token with scopes: []
[debug] [2025-11-20T17:33:57.941Z] >>> [apiv2][query] POST https://www.googleapis.com/oauth2/v3/token [none]
[debug] [2025-11-20T17:33:57.941Z] >>> [apiv2][body] POST https://www.googleapis.com/oauth2/v3/token [omitted]
[debug] [2025-11-20T17:33:57.944Z] Checked if tokens are valid: false, expires at: 1763660757833
[debug] [2025-11-20T17:33:57.945Z] Checked if tokens are valid: false, expires at: 1763660757833
[debug] [2025-11-20T17:33:57.945Z] > refreshing access token with scopes: []
[debug] [2025-11-20T17:33:57.945Z] >>> [apiv2][query] POST https://www.googleapis.com/oauth2/v3/token [none]
[debug] [2025-11-20T17:33:57.945Z] >>> [apiv2][body] POST https://www.googleapis.com/oauth2/v3/token [omitted]
[debug] [2025-11-20T17:33:58.116Z] <<< [apiv2][status] POST https://www.googleapis.com/oauth2/v3/token 200
[debug] [2025-11-20T17:33:58.117Z] <<< [apiv2][body] POST https://www.googleapis.com/oauth2/v3/token [omitted]
[debug] [2025-11-20T17:33:58.141Z] >>> [apiv2][query] GET https://serviceusage.googleapis.com/v1/projects/cabzi-welr1/services/firebaseapphosting.googleapis.com [none]
[debug] [2025-11-20T17:33:58.141Z] >>> [apiv2][(partial)header] GET https://serviceusage.googleapis.com/v1/projects/cabzi-welr1/services/firebaseapphosting.googleapis.com x-goog-quota-user=projects/cabzi-welr1
[debug] [2025-11-20T17:33:58.299Z] <<< [apiv2][status] POST https://www.googleapis.com/oauth2/v3/token 200
[debug] [2025-11-20T17:33:58.300Z] <<< [apiv2][body] POST https://www.googleapis.com/oauth2/v3/token [omitted]
[debug] [2025-11-20T17:33:58.316Z] >>> [apiv2][query] GET https://serviceusage.googleapis.com/v1/projects/cabzi-welr1/services/firebaseio.com [none]
[debug] [2025-11-20T17:33:58.316Z] >>> [apiv2][(partial)header] GET https://serviceusage.googleapis.com/v1/projects/cabzi-welr1/services/firebaseio.com x-goog-quota-user=projects/cabzi-welr1
[debug] [2025-11-20T17:33:58.321Z] <<< [apiv2][status] POST https://www.googleapis.com/oauth2/v3/token 200
[debug] [2025-11-20T17:33:58.322Z] <<< [apiv2][body] POST https://www.googleapis.com/oauth2/v3/token [omitted]
[debug] [2025-11-20T17:33:58.339Z] >>> [apiv2][query] GET https://serviceusage.googleapis.com/v1/projects/cabzi-welr1/services/firebaseio.com [none]
[debug] [2025-11-20T17:33:58.340Z] >>> [apiv2][(partial)header] GET https://serviceusage.googleapis.com/v1/projects/cabzi-welr1/services/firebaseio.com x-goog-quota-user=projects/cabzi-welr1
[debug] [2025-11-20T17:33:58.360Z] <<< [apiv2][status] POST https://www.googleapis.com/oauth2/v3/token 200
[debug] [2025-11-20T17:33:58.360Z] <<< [apiv2][body] POST https://www.googleapis.com/oauth2/v3/token [omitted]
[debug] [2025-11-20T17:33:58.381Z] >>> [apiv2][query] GET https://serviceusage.googleapis.com/v1/projects/cabzi-welr1/services/firebaseapphosting.googleapis.com [none]
[debug] [2025-11-20T17:33:58.382Z] >>> [apiv2][(partial)header] GET https://serviceusage.googleapis.com/v1/projects/cabzi-welr1/services/firebaseapphosting.googleapis.com x-goog-quota-user=projects/cabzi-welr1
[debug] [2025-11-20T17:33:59.234Z] <<< [apiv2][status] GET https://serviceusage.googleapis.com/v1/projects/cabzi-welr1/services/firebaseapphosting.googleapis.com 200
[debug] [2025-11-20T17:33:59.234Z] <<< [apiv2][body] GET https://serviceusage.googleapis.com/v1/projects/cabzi-welr1/services/firebaseapphosting.googleapis.com [omitted]
[debug] [2025-11-20T17:33:59.378Z] <<< [apiv2][status] GET https://serviceusage.googleapis.com/v1/projects/cabzi-welr1/services/firebaseio.com 403
[debug] [2025-11-20T17:33:59.378Z] <<< [apiv2][body] GET https://serviceusage.googleapis.com/v1/projects/cabzi-welr1/services/firebaseio.com [omitted]
[debug] [2025-11-20T17:33:59.390Z] <<< [apiv2][status] GET https://serviceusage.googleapis.com/v1/projects/cabzi-welr1/services/firebaseio.com 403
[debug] [2025-11-20T17:33:59.391Z] <<< [apiv2][body] GET https://serviceusage.googleapis.com/v1/projects/cabzi-welr1/services/firebaseio.com [omitted]
[debug] [2025-11-20T17:33:59.452Z] <<< [apiv2][status] GET https://serviceusage.googleapis.com/v1/projects/cabzi-welr1/services/firebaseapphosting.googleapis.com 200
[debug] [2025-11-20T17:33:59.452Z] <<< [apiv2][body] GET https://serviceusage.googleapis.com/v1/projects/cabzi-welr1/services/firebaseapphosting.googleapis.com [omitted]
[error] Failed to fetch Firebase Project from Studio Workspace because WORKSPACE_SLUG environment variable is empty
[error] Failed to fetch Firebase Project from Studio Workspace because WORKSPACE_SLUG environment variable is empty
[error] Failed to fetch Firebase Project from Studio Workspace because WORKSPACE_SLUG environment variable is empty
[debug] [2025-11-20T17:33:59.480Z] > command requires scopes: ["email","openid","https://www.googleapis.com/auth/cloudplatformprojects.readonly","https://www.googleapis.com/auth/firebase","https://www.googleapis.com/auth/cloud-platform","https://www.googleapis.com/auth/userinfo.email"]
[debug] [2025-11-20T17:33:59.480Z] > authorizing via signed-in user (rishirajmishraaaa@gmail.com)
[error] Failed to fetch Firebase Project from Studio Workspace because WORKSPACE_SLUG environment variable is empty
[debug] [2025-11-20T17:33:59.491Z] > command requires scopes: ["email","openid","https://www.googleapis.com/auth/cloudplatformprojects.readonly","https://www.googleapis.com/auth/firebase","https://www.googleapis.com/auth/cloud-platform","https://www.googleapis.com/auth/userinfo.email"]
[debug] [2025-11-20T17:33:59.491Z] > authorizing via signed-in user (rishirajmishraaaa@gmail.com)
[error] Failed to fetch Firebase Project from Studio Workspace because WORKSPACE_SLUG environment variable is empty
[error] Failed to fetch Firebase Project from Studio Workspace because WORKSPACE_SLUG environment variable is empty
[error] Failed to fetch Firebase Project from Studio Workspace because WORKSPACE_SLUG environment variable is empty
[error] Failed to fetch Firebase Project from Studio Workspace because WORKSPACE_SLUG environment variable is empty
[debug] [2025-11-20T17:33:59.534Z] > command requires scopes: ["email","openid","https://www.googleapis.com/auth/cloudplatformprojects.readonly","https://www.googleapis.com/auth/firebase","https://www.googleapis.com/auth/cloud-platform","https://www.googleapis.com/auth/userinfo.email"]
[debug] [2025-11-20T17:33:59.534Z] > authorizing via signed-in user (rishirajmishraaaa@gmail.com)
[error] Failed to fetch Firebase Project from Studio Workspace because WORKSPACE_SLUG environment variable is empty
[debug] [2025-11-20T17:33:59.536Z] > command requires scopes: ["email","openid","https://www.googleapis.com/auth/cloudplatformprojects.readonly","https://www.googleapis.com/auth/firebase","https://www.googleapis.com/auth/cloud-platform","https://www.googleapis.com/auth/userinfo.email"]
[debug] [2025-11-20T17:33:59.536Z] > authorizing via signed-in user (rishirajmishraaaa@gmail.com)
[error] Failed to fetch Firebase Project from Studio Workspace because WORKSPACE_SLUG environment variable is empty
[error] Failed to fetch Firebase Project from Studio Workspace because WORKSPACE_SLUG environment variable is empty
[debug] [2025-11-20T17:33:59.566Z] > command requires scopes: ["email","openid","https://www.googleapis.com/auth/cloudplatformprojects.readonly","https://www.googleapis.com/auth/firebase","https://www.googleapis.com/auth/cloud-platform","https://www.googleapis.com/auth/userinfo.email"]
[debug] [2025-11-20T17:33:59.566Z] > authorizing via signed-in user (rishirajmishraaaa@gmail.com)
[error] Failed to fetch Firebase Project from Studio Workspace because WORKSPACE_SLUG environment variable is empty
[debug] [2025-11-20T17:33:59.568Z] > command requires scopes: ["email","openid","https://www.googleapis.com/auth/cloudplatformprojects.readonly","https://www.googleapis.com/auth/firebase","https://www.googleapis.com/auth/cloud-platform","https://www.googleapis.com/auth/userinfo.email"]
[debug] [2025-11-20T17:33:59.568Z] > authorizing via signed-in user (rishirajmishraaaa@gmail.com)
